<?xml version="1.0" encoding="UTF-8"?>
<!-- Generated by org.testng.reporters.JUnitReportReporter -->
<testsuite hostname="DESKTOP-7L9P3UR" failures="0" tests="1" name="com.crm.comcast.vtiger_Maven.SampleContactsTest" time="0.011" errors="0" timestamp="2022-05-10T17:36:23 IST" skipped="0">
  <testcase classname="com.crm.comcast.vtiger_Maven.SampleContactsTest" name="CreateContactTest" time="0.011"/>
  <system-out/>
</testsuite> <!-- com.crm.comcast.vtiger_Maven.SampleContactsTest -->
