<?xml version="1.0" encoding="UTF-8"?>
<!-- Generated by org.testng.reporters.JUnitReportReporter -->
<testsuite hostname="DESKTOP-7L9P3UR" failures="0" tests="1" name="com.crm.comcast.vtiger_Maven.SampleCampaignsTest" time="0.008" errors="0" timestamp="2022-05-10T17:00:39 IST" skipped="0">
  <testcase classname="com.crm.comcast.vtiger_Maven.SampleCampaignsTest" name="CreateCampaignTest" time="0.008"/>
  <system-out/>
</testsuite> <!-- com.crm.comcast.vtiger_Maven.SampleCampaignsTest -->
